<?xml version="1.0" encoding="UTF-8"?>
<!-- Generated by org.testng.reporters.JUnitXMLReporter -->
<testsuite ignored="0" hostname="AlamFaleela" failures="0" tests="6" name="Default test" time="17.413" errors="0" timestamp="2023-09-19T20:50:48 IST">
  <testcase classname="api.test.DDTTests" name="testPostUser" time="5.315"/>
  <testcase classname="api.test.DDTTests" name="testPostUser" time="1.973"/>
  <testcase classname="api.test.DDTTests" name="testPostUser" time="2.045"/>
  <testcase classname="api.test.DDTTests" name="testDeleteUser" time="2.13"/>
  <testcase classname="api.test.DDTTests" name="testDeleteUser" time="2.047"/>
  <testcase classname="api.test.DDTTests" name="testDeleteUser" time="2.149"/>
</testsuite> <!-- Default test -->
