<?xml version="1.0" encoding="UTF-8"?>
<testng-results ignored="0" total="4" passed="4" failed="0" skipped="0">
  <reporter-output>
  </reporter-output>
  <suite started-at="2023-09-20T13:47:37 IST" name="PetSuite" finished-at="2023-09-20T13:47:46 IST" duration-ms="9106">
    <groups>
    </groups>
    <test started-at="2023-09-20T13:47:37 IST" name="PetTests" finished-at="2023-09-20T13:47:46 IST" duration-ms="9106">
      <class name="api.test.UserTests2">
        <test-method is-config="true" signature="setup()[pri:0, instance:api.test.UserTests2@1a942c18]" started-at="2023-09-20T13:47:38 IST" name="setup" finished-at="2023-09-20T13:47:38 IST" duration-ms="191" status="PASS">
          <reporter-output>
          </reporter-output>
        </test-method> <!-- setup -->
        <test-method signature="testPostUser()[pri:1, instance:api.test.UserTests2@1a942c18]" started-at="2023-09-20T13:47:38 IST" name="testPostUser" finished-at="2023-09-20T13:47:41 IST" duration-ms="3011" status="PASS">
          <reporter-output>
          </reporter-output>
        </test-method> <!-- testPostUser -->
        <test-method signature="testReadUser()[pri:2, instance:api.test.UserTests2@1a942c18]" started-at="2023-09-20T13:47:41 IST" name="testReadUser" finished-at="2023-09-20T13:47:43 IST" duration-ms="1732" status="PASS">
          <reporter-output>
          </reporter-output>
        </test-method> <!-- testReadUser -->
        <test-method signature="testUpdateUser()[pri:3, instance:api.test.UserTests2@1a942c18]" started-at="2023-09-20T13:47:43 IST" name="testUpdateUser" finished-at="2023-09-20T13:47:44 IST" duration-ms="1628" status="PASS">
          <reporter-output>
          </reporter-output>
        </test-method> <!-- testUpdateUser -->
        <test-method signature="testDeleteUser()[pri:4, instance:api.test.UserTests2@1a942c18]" started-at="2023-09-20T13:47:44 IST" name="testDeleteUser" finished-at="2023-09-20T13:47:46 IST" duration-ms="1635" status="PASS">
          <reporter-output>
          </reporter-output>
        </test-method> <!-- testDeleteUser -->
      </class> <!-- api.test.UserTests2 -->
    </test> <!-- PetTests -->
  </suite> <!-- PetSuite -->
</testng-results>
