<?xml version="1.0" encoding="UTF-8"?>
<testng-results ignored="0" total="4" passed="4" failed="0" skipped="0">
  <reporter-output>
  </reporter-output>
  <suite started-at="2023-09-20T12:59:13 IST" name="PetSuite" finished-at="2023-09-20T12:59:24 IST" duration-ms="10727">
    <groups>
    </groups>
    <test started-at="2023-09-20T12:59:13 IST" name="PetTests" finished-at="2023-09-20T12:59:24 IST" duration-ms="10727">
      <class name="api.test.UserTests2">
        <test-method is-config="true" signature="setup()[pri:0, instance:api.test.UserTests2@1349883]" started-at="2023-09-20T12:59:14 IST" name="setup" finished-at="2023-09-20T12:59:14 IST" duration-ms="246" status="PASS">
          <reporter-output>
          </reporter-output>
        </test-method> <!-- setup -->
        <test-method signature="testPostUser()[pri:1, instance:api.test.UserTests2@1349883]" started-at="2023-09-20T12:59:14 IST" name="testPostUser" finished-at="2023-09-20T12:59:19 IST" duration-ms="4355" status="PASS">
          <reporter-output>
          </reporter-output>
        </test-method> <!-- testPostUser -->
        <test-method signature="testReadUser()[pri:2, instance:api.test.UserTests2@1349883]" started-at="2023-09-20T12:59:19 IST" name="testReadUser" finished-at="2023-09-20T12:59:21 IST" duration-ms="1689" status="PASS">
          <reporter-output>
          </reporter-output>
        </test-method> <!-- testReadUser -->
        <test-method signature="testUpdateUser()[pri:3, instance:api.test.UserTests2@1349883]" started-at="2023-09-20T12:59:21 IST" name="testUpdateUser" finished-at="2023-09-20T12:59:22 IST" duration-ms="1733" status="PASS">
          <reporter-output>
          </reporter-output>
        </test-method> <!-- testUpdateUser -->
        <test-method signature="testDeleteUser()[pri:4, instance:api.test.UserTests2@1349883]" started-at="2023-09-20T12:59:22 IST" name="testDeleteUser" finished-at="2023-09-20T12:59:24 IST" duration-ms="1636" status="PASS">
          <reporter-output>
          </reporter-output>
        </test-method> <!-- testDeleteUser -->
      </class> <!-- api.test.UserTests2 -->
    </test> <!-- PetTests -->
  </suite> <!-- PetSuite -->
</testng-results>
