<?xml version="1.0" encoding="UTF-8"?>
<!-- Generated by org.testng.reporters.JUnitXMLReporter -->
<testsuite ignored="0" hostname="AlamFaleela" failures="0" tests="4" name="PetTests" time="9.106" errors="0" timestamp="2023-09-20T13:47:47 IST">
  <testcase classname="api.test.UserTests2" name="testPostUser" time="3.011"/>
  <testcase classname="api.test.UserTests2" name="testReadUser" time="1.732"/>
  <testcase classname="api.test.UserTests2" name="testUpdateUser" time="1.628"/>
  <testcase classname="api.test.UserTests2" name="testDeleteUser" time="1.635"/>
</testsuite> <!-- PetTests -->
