<?xml version="1.0" encoding="UTF-8"?>
<!-- Generated by org.testng.reporters.JUnitXMLReporter -->
<testsuite ignored="0" hostname="AlamFaleela" failures="0" tests="4" name="PetTests" time="10.727" errors="0" timestamp="2023-09-20T12:59:24 IST">
  <testcase classname="api.test.UserTests2" name="testPostUser" time="4.355"/>
  <testcase classname="api.test.UserTests2" name="testReadUser" time="1.689"/>
  <testcase classname="api.test.UserTests2" name="testUpdateUser" time="1.733"/>
  <testcase classname="api.test.UserTests2" name="testDeleteUser" time="1.636"/>
</testsuite> <!-- PetTests -->
